mode: set
digna/accountant_dashboard/internal/domain/account_mapper.go:70.54,72.43 2 1
digna/accountant_dashboard/internal/domain/account_mapper.go:72.43,74.3 1 1
digna/accountant_dashboard/internal/domain/account_mapper.go:75.2,75.50 1 1
digna/accountant_dashboard/internal/domain/account_mapper.go:78.84,81.2 2 1
digna/accountant_dashboard/internal/domain/account_mapper.go:83.66,85.2 1 1
digna/accountant_dashboard/internal/service/translator_service.go:20.105,25.2 1 1
digna/accountant_dashboard/internal/service/translator_service.go:33.138,35.16 2 1
digna/accountant_dashboard/internal/service/translator_service.go:35.16,37.3 1 1
digna/accountant_dashboard/internal/service/translator_service.go:39.2,39.23 1 1
digna/accountant_dashboard/internal/service/translator_service.go:39.23,41.3 1 1
digna/accountant_dashboard/internal/service/translator_service.go:43.2,43.52 1 1
digna/accountant_dashboard/internal/service/translator_service.go:43.52,45.3 1 1
digna/accountant_dashboard/internal/service/translator_service.go:47.2,48.16 2 1
digna/accountant_dashboard/internal/service/translator_service.go:48.16,50.3 1 0
digna/accountant_dashboard/internal/service/translator_service.go:52.2,63.68 3 1
digna/accountant_dashboard/internal/service/translator_service.go:63.68,65.3 1 1
digna/accountant_dashboard/internal/service/translator_service.go:67.2,67.25 1 1
digna/accountant_dashboard/internal/service/translator_service.go:70.79,71.32 1 1
digna/accountant_dashboard/internal/service/translator_service.go:71.32,72.44 1 1
digna/accountant_dashboard/internal/service/translator_service.go:72.44,75.4 1 1
digna/accountant_dashboard/internal/service/translator_service.go:77.2,77.12 1 1
digna/accountant_dashboard/internal/service/translator_service.go:80.98,88.45 4 1
digna/accountant_dashboard/internal/service/translator_service.go:88.45,90.3 1 0
digna/accountant_dashboard/internal/service/translator_service.go:92.2,92.32 1 1
digna/accountant_dashboard/internal/service/translator_service.go:92.32,98.36 4 1
digna/accountant_dashboard/internal/service/translator_service.go:98.36,99.19 1 1
digna/accountant_dashboard/internal/service/translator_service.go:99.19,101.5 1 1
digna/accountant_dashboard/internal/service/translator_service.go:101.10,101.27 1 1
digna/accountant_dashboard/internal/service/translator_service.go:101.27,103.5 1 1
digna/accountant_dashboard/internal/service/translator_service.go:106.3,107.35 2 1
digna/accountant_dashboard/internal/service/translator_service.go:107.35,109.4 1 0
digna/accountant_dashboard/internal/service/translator_service.go:111.3,111.31 1 1
digna/accountant_dashboard/internal/service/translator_service.go:111.31,115.30 3 1
digna/accountant_dashboard/internal/service/translator_service.go:115.30,120.5 4 1
digna/accountant_dashboard/internal/service/translator_service.go:122.4,122.31 1 1
digna/accountant_dashboard/internal/service/translator_service.go:122.31,126.20 4 1
digna/accountant_dashboard/internal/service/translator_service.go:126.20,128.6 1 0
digna/accountant_dashboard/internal/service/translator_service.go:131.4,143.44 2 1
digna/accountant_dashboard/internal/service/translator_service.go:143.44,145.5 1 0
digna/accountant_dashboard/internal/service/translator_service.go:149.2,150.39 2 1
digna/accountant_dashboard/internal/service/translator_service.go:150.39,152.3 1 0
digna/accountant_dashboard/internal/service/translator_service.go:154.2,154.25 1 1
digna/accountant_dashboard/internal/service/translator_service.go:157.87,158.55 1 1
digna/accountant_dashboard/internal/service/translator_service.go:158.55,160.3 1 1
digna/accountant_dashboard/internal/service/translator_service.go:161.2,166.3 1 1
digna/accountant_dashboard/internal/service/translator_service.go:169.62,172.2 2 1
digna/accountant_dashboard/internal/service/translator_service.go:174.103,176.2 1 1
digna/accountant_dashboard/internal/service/translator_service.go:178.133,180.2 1 1
digna/accountant_dashboard/internal/service/translator_service.go:182.54,184.2 1 1
digna/accountant_dashboard/internal/service/translator_service.go:186.54,194.2 3 1
digna/accountant_dashboard/internal/repository/sqlite_fiscal_adapter.go:21.52,25.2 1 1
digna/accountant_dashboard/internal/repository/sqlite_fiscal_adapter.go:27.49,29.2 1 1
digna/accountant_dashboard/internal/repository/sqlite_fiscal_adapter.go:31.56,33.2 1 1
digna/accountant_dashboard/internal/repository/sqlite_fiscal_adapter.go:35.78,40.16 4 1
digna/accountant_dashboard/internal/repository/sqlite_fiscal_adapter.go:40.16,42.3 1 0
digna/accountant_dashboard/internal/repository/sqlite_fiscal_adapter.go:44.2,44.34 1 1
digna/accountant_dashboard/internal/repository/sqlite_fiscal_adapter.go:44.34,47.3 2 1
digna/accountant_dashboard/internal/repository/sqlite_fiscal_adapter.go:49.2,49.16 1 1
digna/accountant_dashboard/internal/repository/sqlite_fiscal_adapter.go:52.123,54.16 2 1
digna/accountant_dashboard/internal/repository/sqlite_fiscal_adapter.go:54.16,56.3 1 1
digna/accountant_dashboard/internal/repository/sqlite_fiscal_adapter.go:57.2,60.25 3 1
digna/accountant_dashboard/internal/repository/sqlite_fiscal_adapter.go:60.25,62.3 1 1
digna/accountant_dashboard/internal/repository/sqlite_fiscal_adapter.go:64.2,81.16 6 1
digna/accountant_dashboard/internal/repository/sqlite_fiscal_adapter.go:81.16,83.3 1 0
digna/accountant_dashboard/internal/repository/sqlite_fiscal_adapter.go:84.2,88.18 3 1
digna/accountant_dashboard/internal/repository/sqlite_fiscal_adapter.go:88.18,102.17 9 1
digna/accountant_dashboard/internal/repository/sqlite_fiscal_adapter.go:102.17,104.4 1 0
digna/accountant_dashboard/internal/repository/sqlite_fiscal_adapter.go:106.3,107.14 2 1
digna/accountant_dashboard/internal/repository/sqlite_fiscal_adapter.go:107.14,116.4 2 1
digna/accountant_dashboard/internal/repository/sqlite_fiscal_adapter.go:118.3,118.22 1 1
digna/accountant_dashboard/internal/repository/sqlite_fiscal_adapter.go:118.22,129.28 2 1
digna/accountant_dashboard/internal/repository/sqlite_fiscal_adapter.go:129.28,132.5 2 1
digna/accountant_dashboard/internal/repository/sqlite_fiscal_adapter.go:132.10,135.5 2 1
digna/accountant_dashboard/internal/repository/sqlite_fiscal_adapter.go:137.4,137.52 1 1
digna/accountant_dashboard/internal/repository/sqlite_fiscal_adapter.go:141.2,141.35 1 1
digna/accountant_dashboard/internal/repository/sqlite_fiscal_adapter.go:141.35,143.3 1 0
digna/accountant_dashboard/internal/repository/sqlite_fiscal_adapter.go:145.2,146.35 2 1
digna/accountant_dashboard/internal/repository/sqlite_fiscal_adapter.go:146.35,148.3 1 1
digna/accountant_dashboard/internal/repository/sqlite_fiscal_adapter.go:150.2,150.20 1 1
digna/accountant_dashboard/internal/repository/sqlite_fiscal_adapter.go:153.117,158.16 4 1
digna/accountant_dashboard/internal/repository/sqlite_fiscal_adapter.go:158.16,160.3 1 0
digna/accountant_dashboard/internal/repository/sqlite_fiscal_adapter.go:161.2,175.61 3 1
digna/accountant_dashboard/internal/repository/sqlite_fiscal_adapter.go:175.61,177.3 1 0
digna/accountant_dashboard/internal/repository/sqlite_fiscal_adapter.go:179.2,194.16 3 1
digna/accountant_dashboard/internal/repository/sqlite_fiscal_adapter.go:194.16,196.3 1 0
digna/accountant_dashboard/internal/repository/sqlite_fiscal_adapter.go:198.2,198.12 1 1
digna/accountant_dashboard/internal/repository/sqlite_fiscal_adapter.go:201.105,203.16 2 1
digna/accountant_dashboard/internal/repository/sqlite_fiscal_adapter.go:203.16,205.3 1 0
digna/accountant_dashboard/internal/repository/sqlite_fiscal_adapter.go:207.2,209.32 2 1
digna/accountant_dashboard/internal/repository/sqlite_fiscal_adapter.go:209.32,213.17 3 1
digna/accountant_dashboard/internal/repository/sqlite_fiscal_adapter.go:213.17,214.12 1 0
digna/accountant_dashboard/internal/repository/sqlite_fiscal_adapter.go:217.3,218.26 2 1
digna/accountant_dashboard/internal/repository/sqlite_fiscal_adapter.go:218.26,219.12 1 0
digna/accountant_dashboard/internal/repository/sqlite_fiscal_adapter.go:221.3,228.17 5 1
digna/accountant_dashboard/internal/repository/sqlite_fiscal_adapter.go:228.17,229.12 1 0
digna/accountant_dashboard/internal/repository/sqlite_fiscal_adapter.go:232.3,232.16 1 1
digna/accountant_dashboard/internal/repository/sqlite_fiscal_adapter.go:232.16,235.18 3 1
digna/accountant_dashboard/internal/repository/sqlite_fiscal_adapter.go:235.18,239.5 2 1
digna/accountant_dashboard/internal/repository/sqlite_fiscal_adapter.go:241.4,241.26 1 1
digna/accountant_dashboard/internal/repository/sqlite_fiscal_adapter.go:241.26,243.5 1 1
digna/accountant_dashboard/internal/repository/sqlite_fiscal_adapter.go:247.2,247.21 1 1
digna/accountant_dashboard/internal/repository/sqlite_fiscal_adapter.go:250.135,252.16 2 1
digna/accountant_dashboard/internal/repository/sqlite_fiscal_adapter.go:252.16,254.3 1 0
digna/accountant_dashboard/internal/repository/sqlite_fiscal_adapter.go:255.2,265.16 4 1
digna/accountant_dashboard/internal/repository/sqlite_fiscal_adapter.go:265.16,267.3 1 0
digna/accountant_dashboard/internal/repository/sqlite_fiscal_adapter.go:268.2,272.18 3 1
digna/accountant_dashboard/internal/repository/sqlite_fiscal_adapter.go:272.18,282.17 3 1
digna/accountant_dashboard/internal/repository/sqlite_fiscal_adapter.go:282.17,284.4 1 0
digna/accountant_dashboard/internal/repository/sqlite_fiscal_adapter.go:285.3,285.27 1 1
digna/accountant_dashboard/internal/repository/sqlite_fiscal_adapter.go:288.2,288.35 1 1
digna/accountant_dashboard/internal/repository/sqlite_fiscal_adapter.go:288.35,290.3 1 0
digna/accountant_dashboard/internal/repository/sqlite_fiscal_adapter.go:292.2,292.18 1 1
digna/accountant_dashboard/pkg/dashboard/factory.go:14.67,17.91 2 1
digna/accountant_dashboard/pkg/dashboard/factory.go:17.91,19.3 1 1
digna/accountant_dashboard/pkg/dashboard/factory.go:21.2,23.3 1 1
digna/accountant_dashboard/pkg/dashboard/factory.go:30.92,42.2 2 1
digna/accountant_dashboard/pkg/dashboard/factory.go:45.66,60.2 3 1
digna/accountant_dashboard/pkg/dashboard/factory.go:69.124,76.16 5 0
digna/accountant_dashboard/pkg/dashboard/factory.go:76.16,78.3 1 0
digna/accountant_dashboard/pkg/dashboard/factory.go:81.2,82.37 2 0
digna/accountant_dashboard/pkg/dashboard/factory.go:82.37,84.3 1 0
digna/accountant_dashboard/pkg/dashboard/factory.go:85.2,85.21 1 0
digna/accountant_dashboard/pkg/dashboard/factory.go:88.118,96.2 5 0
digna/accountant_dashboard/pkg/dashboard/factory.go:98.113,105.2 4 0
digna/accountant_dashboard/pkg/dashboard/factory.go:107.136,114.16 5 0
digna/accountant_dashboard/pkg/dashboard/factory.go:114.16,116.3 1 0
digna/accountant_dashboard/pkg/dashboard/factory.go:118.2,119.34 2 0
digna/accountant_dashboard/pkg/dashboard/factory.go:119.34,121.3 1 0
digna/accountant_dashboard/pkg/dashboard/factory.go:122.2,122.18 1 0
digna/accountant_dashboard/pkg/dashboard/factory.go:130.114,132.16 2 0
digna/accountant_dashboard/pkg/dashboard/factory.go:132.16,134.3 1 0
digna/accountant_dashboard/pkg/dashboard/factory.go:137.2,138.37 2 0
digna/accountant_dashboard/pkg/dashboard/factory.go:138.37,140.3 1 0
digna/accountant_dashboard/pkg/dashboard/factory.go:141.2,141.21 1 0
digna/accountant_dashboard/pkg/dashboard/factory.go:144.108,147.2 2 0
digna/accountant_dashboard/pkg/dashboard/factory.go:149.103,151.2 1 0
digna/accountant_dashboard/pkg/dashboard/factory.go:153.126,155.16 2 0
digna/accountant_dashboard/pkg/dashboard/factory.go:155.16,157.3 1 0
digna/accountant_dashboard/pkg/dashboard/factory.go:159.2,160.34 2 0
digna/accountant_dashboard/pkg/dashboard/factory.go:160.34,162.3 1 0
digna/accountant_dashboard/pkg/dashboard/factory.go:163.2,163.18 1 0
digna/accountant_dashboard/pkg/dashboard/factory.go:171.118,173.16 2 0
digna/accountant_dashboard/pkg/dashboard/factory.go:173.16,175.3 1 0
digna/accountant_dashboard/pkg/dashboard/factory.go:177.2,178.35 2 0
digna/accountant_dashboard/pkg/dashboard/factory.go:178.35,180.3 1 0
digna/accountant_dashboard/pkg/dashboard/factory.go:181.2,181.21 1 0
digna/accountant_dashboard/pkg/dashboard/factory.go:184.112,187.2 2 0
digna/accountant_dashboard/pkg/dashboard/factory.go:189.100,191.2 1 1
digna/accountant_dashboard/pkg/dashboard/factory.go:193.130,195.16 2 0
digna/accountant_dashboard/pkg/dashboard/factory.go:195.16,197.3 1 0
digna/accountant_dashboard/pkg/dashboard/factory.go:199.2,200.32 2 0
digna/accountant_dashboard/pkg/dashboard/factory.go:200.32,202.3 1 0
digna/accountant_dashboard/pkg/dashboard/factory.go:203.2,203.18 1 0
digna/accountant_dashboard/pkg/dashboard/factory.go:212.135,214.16 2 0
digna/accountant_dashboard/pkg/dashboard/factory.go:214.16,216.3 1 0
digna/accountant_dashboard/pkg/dashboard/factory.go:218.2,219.31 2 0
digna/accountant_dashboard/pkg/dashboard/factory.go:222.107,224.2 1 1
digna/accountant_dashboard/pkg/dashboard/factory.go:226.130,228.16 2 0
digna/accountant_dashboard/pkg/dashboard/factory.go:228.16,230.3 1 0
digna/accountant_dashboard/pkg/dashboard/factory.go:232.2,233.34 2 0
digna/accountant_dashboard/pkg/dashboard/factory.go:233.34,235.3 1 0
digna/accountant_dashboard/pkg/dashboard/factory.go:236.2,236.18 1 0
digna/accountant_dashboard/pkg/dashboard/factory.go:240.62,242.38 2 1
digna/accountant_dashboard/pkg/dashboard/factory.go:242.38,252.3 1 1
digna/accountant_dashboard/pkg/dashboard/factory.go:254.2,262.3 1 1
digna/accountant_dashboard/pkg/dashboard/factory.go:265.62,267.36 2 1
digna/accountant_dashboard/pkg/dashboard/factory.go:267.36,277.3 1 1
digna/accountant_dashboard/pkg/dashboard/factory.go:279.2,287.3 1 1
digna/accountant_dashboard/pkg/dashboard/factory.go:290.70,291.21 1 1
digna/accountant_dashboard/pkg/dashboard/factory.go:291.21,293.3 1 1
digna/accountant_dashboard/pkg/dashboard/factory.go:295.2,302.3 1 1
digna/accountant_dashboard/pkg/dashboard/factory.go:305.70,306.19 1 1
digna/accountant_dashboard/pkg/dashboard/factory.go:306.19,308.3 1 1
digna/accountant_dashboard/pkg/dashboard/factory.go:310.2,317.3 1 1
digna/accountant_dashboard/pkg/dashboard/factory.go:320.74,330.2 1 1
digna/accountant_dashboard/pkg/dashboard/factory.go:332.74,342.2 1 1
digna/accountant_dashboard/internal/handler/dashboard_handler.go:24.96,29.2 1 1
digna/accountant_dashboard/internal/handler/dashboard_handler.go:55.78,57.18 2 1
digna/accountant_dashboard/internal/handler/dashboard_handler.go:57.18,59.3 1 1
digna/accountant_dashboard/internal/handler/dashboard_handler.go:61.2,64.16 3 1
digna/accountant_dashboard/internal/handler/dashboard_handler.go:64.16,67.3 2 1
digna/accountant_dashboard/internal/handler/dashboard_handler.go:69.2,70.43 2 1
digna/accountant_dashboard/internal/handler/dashboard_handler.go:70.43,79.3 2 1
digna/accountant_dashboard/internal/handler/dashboard_handler.go:81.2,91.46 4 1
digna/accountant_dashboard/internal/handler/dashboard_handler.go:91.46,93.3 1 0
digna/accountant_dashboard/internal/handler/dashboard_handler.go:96.81,100.36 3 1
digna/accountant_dashboard/internal/handler/dashboard_handler.go:100.36,103.3 2 1
digna/accountant_dashboard/internal/handler/dashboard_handler.go:105.2,108.16 3 1
digna/accountant_dashboard/internal/handler/dashboard_handler.go:108.16,111.3 2 1
digna/accountant_dashboard/internal/handler/dashboard_handler.go:113.2,116.15 4 1
digna/accountant_dashboard/internal/handler/dashboard_handler.go:119.48,242.2 2 1
