mode: set
digna/accountant_dashboard/internal/service/translator_service.go:20.105,25.2 1 1
digna/accountant_dashboard/internal/service/translator_service.go:33.138,35.16 2 1
digna/accountant_dashboard/internal/service/translator_service.go:35.16,37.3 1 1
digna/accountant_dashboard/internal/service/translator_service.go:39.2,39.23 1 1
digna/accountant_dashboard/internal/service/translator_service.go:39.23,41.3 1 1
digna/accountant_dashboard/internal/service/translator_service.go:43.2,43.52 1 1
digna/accountant_dashboard/internal/service/translator_service.go:43.52,45.3 1 1
digna/accountant_dashboard/internal/service/translator_service.go:47.2,48.16 2 1
digna/accountant_dashboard/internal/service/translator_service.go:48.16,50.3 1 0
digna/accountant_dashboard/internal/service/translator_service.go:52.2,63.68 3 1
digna/accountant_dashboard/internal/service/translator_service.go:63.68,65.3 1 1
digna/accountant_dashboard/internal/service/translator_service.go:67.2,67.25 1 1
digna/accountant_dashboard/internal/service/translator_service.go:70.79,71.32 1 1
digna/accountant_dashboard/internal/service/translator_service.go:71.32,72.44 1 1
digna/accountant_dashboard/internal/service/translator_service.go:72.44,75.4 1 1
digna/accountant_dashboard/internal/service/translator_service.go:77.2,77.12 1 1
digna/accountant_dashboard/internal/service/translator_service.go:80.98,88.45 4 1
digna/accountant_dashboard/internal/service/translator_service.go:88.45,90.3 1 0
digna/accountant_dashboard/internal/service/translator_service.go:92.2,92.32 1 1
digna/accountant_dashboard/internal/service/translator_service.go:92.32,98.36 4 1
digna/accountant_dashboard/internal/service/translator_service.go:98.36,99.19 1 1
digna/accountant_dashboard/internal/service/translator_service.go:99.19,101.5 1 1
digna/accountant_dashboard/internal/service/translator_service.go:101.10,101.27 1 1
digna/accountant_dashboard/internal/service/translator_service.go:101.27,103.5 1 1
digna/accountant_dashboard/internal/service/translator_service.go:106.3,107.35 2 1
digna/accountant_dashboard/internal/service/translator_service.go:107.35,109.4 1 0
digna/accountant_dashboard/internal/service/translator_service.go:111.3,111.31 1 1
digna/accountant_dashboard/internal/service/translator_service.go:111.31,115.30 3 1
digna/accountant_dashboard/internal/service/translator_service.go:115.30,120.5 4 1
digna/accountant_dashboard/internal/service/translator_service.go:122.4,122.31 1 1
digna/accountant_dashboard/internal/service/translator_service.go:122.31,126.20 4 1
digna/accountant_dashboard/internal/service/translator_service.go:126.20,128.6 1 0
digna/accountant_dashboard/internal/service/translator_service.go:131.4,143.44 2 1
digna/accountant_dashboard/internal/service/translator_service.go:143.44,145.5 1 0
digna/accountant_dashboard/internal/service/translator_service.go:149.2,150.39 2 1
digna/accountant_dashboard/internal/service/translator_service.go:150.39,152.3 1 0
digna/accountant_dashboard/internal/service/translator_service.go:154.2,154.25 1 1
digna/accountant_dashboard/internal/service/translator_service.go:157.87,158.55 1 1
digna/accountant_dashboard/internal/service/translator_service.go:158.55,160.3 1 1
digna/accountant_dashboard/internal/service/translator_service.go:161.2,166.3 1 1
digna/accountant_dashboard/internal/service/translator_service.go:169.62,172.2 2 1
digna/accountant_dashboard/internal/service/translator_service.go:174.103,176.2 1 1
digna/accountant_dashboard/internal/service/translator_service.go:178.133,180.2 1 1
digna/accountant_dashboard/internal/service/translator_service.go:182.54,184.2 1 1
digna/accountant_dashboard/internal/service/translator_service.go:186.54,194.2 3 1
